[debug] [2023-04-21T02:48:53.277Z] ----------------------------------------------------------------------
[debug] [2023-04-21T02:48:53.280Z] Command:       C:\Program Files\nodejs\node.exe C:\Users\USER\AppData\Roaming\npm\node_modules\firebase-tools\lib\bin\firebase.js init
[debug] [2023-04-21T02:48:53.281Z] CLI Version:   11.28.0
[debug] [2023-04-21T02:48:53.281Z] Platform:      win32
[debug] [2023-04-21T02:48:53.282Z] Node Version:  v16.18.0
[debug] [2023-04-21T02:48:53.283Z] Time:          Fri Apr 21 2023 07:48:53 GMT+0500 (Pakistan Standard Time)
[debug] [2023-04-21T02:48:53.284Z] ----------------------------------------------------------------------
[debug] 
[debug] [2023-04-21T02:48:53.416Z] > command requires scopes: ["email","openid","https://www.googleapis.com/auth/cloudplatformprojects.readonly","https://www.googleapis.com/auth/firebase","https://www.googleapis.com/auth/cloud-platform"]
[debug] [2023-04-21T02:48:53.416Z] > authorizing via signed-in user (zaryab.haider2003@gmail.com)
[info] 
     ######## #### ########  ######## ########     ###     ######  ########
     ##        ##  ##     ## ##       ##     ##  ##   ##  ##       ##
     ######    ##  ########  ######   ########  #########  ######  ######
     ##        ##  ##    ##  ##       ##     ## ##     ##       ## ##
     ##       #### ##     ## ######## ########  ##     ##  ######  ########

You're about to initialize a Firebase project in this directory:

  C:\Users\USER\REACTjs\socialmediaproject

Before we get started, keep in mind:

  * You are initializing within an existing Firebase project directory

